PLINK v1.9.0-b.8 64-bit (22 Oct 2024)
Options in effect:
  --file snapdragon_admixture
  --make-bed
  --out snapdragon_admixture

Hostname: Seans-MacBook-Pro.local
Working directory: /Users/sean/projects/Snapdragons/pipeline_out
Start time: Sat Apr 18 13:37:13 2026

Random number seed: 1776515833
24576 MB RAM detected; reserving 12288 MB for main workspace.
Scanning .ped file... done.
Performing single-pass .bed write (76 variants, 608 people).
--file: snapdragon_admixture-temporary.bed + snapdragon_admixture-temporary.bim
+ snapdragon_admixture-temporary.fam written.
76 variants loaded from .bim file.
608 people (0 males, 0 females, 608 ambiguous) loaded from .fam.
Ambiguous sex IDs written to snapdragon_admixture.nosex .
Using 1 thread (no multithreaded calculations invoked).
Before main variant filters, 608 founders and 0 nonfounders present.
Calculating allele frequencies... done.
Total genotyping rate is 0.974615.
76 variants and 608 people pass filters and QC.
Note: No phenotypes present.
--make-bed to snapdragon_admixture.bed + snapdragon_admixture.bim +
snapdragon_admixture.fam ... done.

End time: Sat Apr 18 13:37:13 2026
